#
# A fatal error has been detected by the Java Runtime Environment:
#
#  EXCEPTION_ACCESS_VIOLATION (0xc0000005) at pc=0x0ad359e6, pid=600, tid=2392
#
# JRE version: 6.0_30-b12
# Java VM: Java HotSpot(TM) Client VM (20.5-b03 mixed mode, sharing windows-x86 )
# Problematic frame:
# C  [ialmgicd.dll+0xc59e6]
#
# If you would like to submit a bug report, please visit:
#   http://java.sun.com/webapps/bugreport/crash.jsp
# The crash happened outside the Java Virtual Machine in native code.
# See problematic frame for where to report the bug.
#

---------------  T H R E A D  ---------------

Current thread (0x003a6800):  JavaThread "main" [_thread_in_native, id=2392, stack(0x008c0000,0x00910000)]

siginfo: ExceptionCode=0xc0000005, reading address 0x1808012c

Registers:
EAX=0x1808012c, EBX=0x00000000, ECX=0x00180818, EDX=0x000a6d00
ESP=0x0090f94c, EBP=0x001085a8, ESI=0x0017f9f8, EDI=0x000a6cfc
EIP=0x0ad359e6, EFLAGS=0x00010206

Top of Stack: (sp=0x0090f94c)
0x0090f94c:   00000001 0017f9f8 0017f9f8 001085a8
0x0090f95c:   0017f9f8 000a6cfc 0090f98c 0ae58013
0x0090f96c:   00000001 0ad35958 0b050338 0ad35dee
0x0090f97c:   00000001 0b050338 0b050338 0b050338
0x0090f98c:   0090f9c8 0ae58033 00000001 0ad35d68
0x0090f99c:   001085b8 0ad361cf 00000001 00107ba0
0x0090f9ac:   00105800 0090fb20 00000000 00000002
0x0090f9bc:   001085a8 0b050298 0090f9d0 0090f9f0 

Instructions: (pc=0x0ad359e6)
0x0ad359c6:   28 89 2c 07 83 c0 04 3b c2 75 f4 8b 46 18 83 c0
0x0ad359d6:   fc 85 c9 89 44 24 10 89 46 18 74 bd 8b 01 6a 01
0x0ad359e6:   ff 10 eb b5 8b 46 14 85 c0 89 44 24 10 74 07 50
0x0ad359f6:   ff 15 b4 b0 e5 0a 8b ce c7 46 14 00 00 00 00 c7 


Register to memory mapping:

EAX=0x1808012c is an unknown value
EBX=0x00000000 is an unknown value
ECX=0x00180818 is an unknown value
EDX=0x000a6d00 is an unknown value
ESP=0x0090f94c is pointing into the stack for thread: 0x003a6800
EBP=0x001085a8 is an unknown value
ESI=0x0017f9f8 is an unknown value
EDI=0x000a6cfc is an unknown value


Stack: [0x008c0000,0x00910000],  sp=0x0090f94c,  free space=318k
Native frames: (J=compiled Java code, j=interpreted, Vv=VM code, C=native code)
C  [ialmgicd.dll+0xc59e6]

Java frames: (J=compiled Java code, j=interpreted, Vv=VM code)
j  org.lwjgl.opengl.WindowsContextImplementation.nDestroy(Ljava/nio/ByteBuffer;)V+0
j  org.lwjgl.opengl.WindowsContextImplementation.destroy(Lorg/lwjgl/opengl/PeerInfo;Ljava/nio/ByteBuffer;)V+1
j  org.lwjgl.opengl.ContextGL.checkDestroy()V+29
j  org.lwjgl.opengl.ContextGL.destroy()V+48
j  org.lwjgl.opengl.ContextGL.forceDestroy()V+5
j  org.lwjgl.opengl.DrawableGL.destroy()V+24
j  org.lwjgl.opengl.Display$5.destroy()V+19
j  org.lwjgl.opengl.Display.destroy()V+9
j  classes.Game.start()V+191
j  classes.TestMain.main([Ljava/lang/String;)V+7
v  ~StubRoutines::call_stub

---------------  P R O C E S S  ---------------

Java Threads: ( => current thread )
  0x0b30f800 JavaThread "AWT-Windows" daemon [_thread_in_native, id=1268, stack(0x0b3f0000,0x0b440000)]
  0x0b2e6800 JavaThread "Java2D Disposer" daemon [_thread_blocked, id=3628, stack(0x0b350000,0x0b3a0000)]
  0x02b51800 JavaThread "Low Memory Detector" daemon [_thread_blocked, id=2144, stack(0x02dc0000,0x02e10000)]
  0x02b42c00 JavaThread "C1 CompilerThread0" daemon [_thread_blocked, id=212, stack(0x02d70000,0x02dc0000)]
  0x02b41400 JavaThread "Attach Listener" daemon [_thread_blocked, id=1324, stack(0x02d20000,0x02d70000)]
  0x02b40000 JavaThread "Signal Dispatcher" daemon [_thread_blocked, id=2252, stack(0x02cd0000,0x02d20000)]
  0x02b3bc00 JavaThread "Finalizer" daemon [_thread_blocked, id=3572, stack(0x02c80000,0x02cd0000)]
  0x02b37000 JavaThread "Reference Handler" daemon [_thread_blocked, id=2704, stack(0x02c30000,0x02c80000)]
=>0x003a6800 JavaThread "main" [_thread_in_native, id=2392, stack(0x008c0000,0x00910000)]

Other Threads:
  0x02afa400 VMThread [stack: 0x02be0000,0x02c30000] [id=1908]
  0x02b53800 WatcherThread [stack: 0x02e10000,0x02e60000] [id=2232]

VM state:not at safepoint (normal execution)

VM Mutex/Monitor currently owned by a thread: None

Heap
 def new generation   total 4864K, used 1706K [0x22990000, 0x22ed0000, 0x27d90000)
  eden space 4352K,  27% used [0x22990000, 0x22abab00, 0x22dd0000)
  from space 512K, 100% used [0x22e50000, 0x22ed0000, 0x22ed0000)
  to   space 512K,   0% used [0x22dd0000, 0x22dd0000, 0x22e50000)
 tenured generation   total 10752K, used 223K [0x27d90000, 0x28810000, 0x32590000)
   the space 10752K,   2% used [0x27d90000, 0x27dc7e60, 0x27dc8000, 0x28810000)
 compacting perm gen  total 12288K, used 1682K [0x32590000, 0x33190000, 0x36590000)
   the space 12288K,  13% used [0x32590000, 0x32734a50, 0x32734c00, 0x33190000)
    ro space 10240K,  51% used [0x36590000, 0x36abda30, 0x36abdc00, 0x36f90000)
    rw space 12288K,  55% used [0x36f90000, 0x37629b50, 0x37629c00, 0x37b90000)

Code Cache  [0x00910000, 0x009e8000, 0x02910000)
 total_blobs=426 nmethods=199 adapters=163 free_code_cache=32679296 largest_free_block=0

Dynamic libraries:
0x00400000 - 0x00425000 	C:\Arquivos de programas\Java\jre6\bin\javaw.exe
0x7c900000 - 0x7c9b6000 	C:\WINDOWS\system32\ntdll.dll
0x7c800000 - 0x7c900000 	C:\WINDOWS\system32\kernel32.dll
0x77f50000 - 0x77ffb000 	C:\WINDOWS\system32\ADVAPI32.dll
0x77db0000 - 0x77e43000 	C:\WINDOWS\system32\RPCRT4.dll
0x77f20000 - 0x77f31000 	C:\WINDOWS\system32\Secur32.dll
0x7e360000 - 0x7e3f1000 	C:\WINDOWS\system32\USER32.dll
0x77e50000 - 0x77e99000 	C:\WINDOWS\system32\GDI32.dll
0x76360000 - 0x7637d000 	C:\WINDOWS\system32\IMM32.DLL
0x7c340000 - 0x7c396000 	C:\Arquivos de programas\Java\jre6\bin\msvcr71.dll
0x6d7f0000 - 0x6da9f000 	C:\Arquivos de programas\Java\jre6\bin\client\jvm.dll
0x76b20000 - 0x76b4e000 	C:\WINDOWS\system32\WINMM.dll
0x6d7a0000 - 0x6d7ac000 	C:\Arquivos de programas\Java\jre6\bin\verify.dll
0x6d320000 - 0x6d33f000 	C:\Arquivos de programas\Java\jre6\bin\java.dll
0x6d7e0000 - 0x6d7ef000 	C:\Arquivos de programas\Java\jre6\bin\zip.dll
0x10000000 - 0x10073000 	C:\eclipse\bacs\Game_Lab\lib\windows\lwjgl.dll
0x773b0000 - 0x774b3000 	C:\WINDOWS\WinSxS\x86_Microsoft.Windows.Common-Controls_6595b64144ccf1df_6.0.2600.6028_x-ww_61e65202\COMCTL32.dll
0x77bf0000 - 0x77c48000 	C:\WINDOWS\system32\msvcrt.dll
0x77ea0000 - 0x77f16000 	C:\WINDOWS\system32\SHLWAPI.dll
0x5f180000 - 0x5f24c000 	C:\WINDOWS\system32\OPENGL32.dll
0x5b410000 - 0x5b431000 	C:\WINDOWS\system32\GLU32.dll
0x73710000 - 0x7375b000 	C:\WINDOWS\system32\DDRAW.dll
0x73b70000 - 0x73b76000 	C:\WINDOWS\system32\DCIMAN32.dll
0x77be0000 - 0x77be8000 	C:\WINDOWS\system32\VERSION.dll
0x5b1c0000 - 0x5b1f8000 	C:\WINDOWS\system32\uxtheme.dll
0x648b0000 - 0x648be000 	C:\Documents and Settings\All Users\Dados de aplicativos\Real\RealPlayer\BrowserRecordPlugin\Chrome\Hook\rpchromebrowserrecordhelper.dll
0x78520000 - 0x785c3000 	C:\WINDOWS\WinSxS\x86_Microsoft.VC90.CRT_1fc8b3b9a1e18e3b_9.0.30729.1_x-ww_6f74963e\MSVCR90.dll
0x7c9c0000 - 0x7d1de000 	C:\WINDOWS\system32\SHELL32.dll
0x78480000 - 0x7850e000 	C:\WINDOWS\WinSxS\x86_Microsoft.VC90.CRT_1fc8b3b9a1e18e3b_9.0.30729.1_x-ww_6f74963e\MSVCP90.dll
0x746e0000 - 0x7472c000 	C:\WINDOWS\system32\MSCTF.dll
0x75290000 - 0x752be000 	C:\WINDOWS\system32\msctfime.ime
0x774c0000 - 0x775fe000 	C:\WINDOWS\system32\ole32.dll
0x0ac70000 - 0x0aea3000 	C:\WINDOWS\system32\ialmgicd.dll
0x0af50000 - 0x0afd0000 	C:\WINDOWS\system32\ialmgdev.dll
0x73ae0000 - 0x73af5000 	C:\WINDOWS\system32\mscms.dll
0x72fb0000 - 0x72fd6000 	C:\WINDOWS\system32\WINSPOOL.DRV
0x5acf0000 - 0x5ad31000 	C:\WINDOWS\system32\icm32.dll
0x6d000000 - 0x6d14c000 	C:\Arquivos de programas\Java\jre6\bin\awt.dll
0x68000000 - 0x68036000 	C:\WINDOWS\system32\rsaenh.dll
0x769a0000 - 0x76a55000 	C:\WINDOWS\system32\USERENV.dll
0x5bcb0000 - 0x5bd05000 	C:\WINDOWS\system32\netapi32.dll
0x6d600000 - 0x6d613000 	C:\Arquivos de programas\Java\jre6\bin\net.dll
0x71a70000 - 0x71a87000 	C:\WINDOWS\system32\WS2_32.dll
0x71a60000 - 0x71a68000 	C:\WINDOWS\system32\WS2HELP.dll
0x71a10000 - 0x71a50000 	C:\WINDOWS\System32\mswsock.dll
0x76f00000 - 0x76f27000 	C:\WINDOWS\system32\DNSAPI.dll
0x76d40000 - 0x76d59000 	C:\WINDOWS\system32\iphlpapi.dll
0x76f90000 - 0x76f98000 	C:\WINDOWS\System32\winrnr.dll
0x76f40000 - 0x76f6d000 	C:\WINDOWS\system32\WLDAP32.dll
0x76fa0000 - 0x76fa6000 	C:\WINDOWS\system32\rasadhlp.dll
0x6d230000 - 0x6d27f000 	C:\Arquivos de programas\Java\jre6\bin\fontmanager.dll
0x6d440000 - 0x6d465000 	C:\Arquivos de programas\Java\jre6\bin\jpeg.dll
0x6d170000 - 0x6d19f000 	C:\Arquivos de programas\Java\jre6\bin\cmm.dll
0x76bd0000 - 0x76bdb000 	C:\WINDOWS\system32\PSAPI.DLL

VM Arguments:
jvm_args: -Djava.library.path=C:\eclipse\bacs\Game_Lab\lib\windows -Dfile.encoding=Cp1252 
java_command: classes.TestMain
Launcher Type: SUN_STANDARD

Environment Variables:
PATH=C:/Arquivos de programas/Java/jre6/bin/client;C:/Arquivos de programas/Java/jre6/bin;C:/Arquivos de programas/Java/jre6/lib/i386;C:\WINDOWS\system32;C:\WINDOWS;C:\WINDOWS\System32\Wbem;C:\eclipse;
USERNAME=Itautec
OS=Windows_NT
PROCESSOR_IDENTIFIER=x86 Family 6 Model 13 Stepping 6, GenuineIntel



---------------  S Y S T E M  ---------------

OS: Windows XP Build 2600 Service Pack 3

CPU:total 1 (1 cores per cpu, 1 threads per core) family 6 model 13 stepping 6, cmov, cx8, fxsr, mmx, sse, sse2

Memory: 4k page, physical 1031536k(433932k free), swap 2484096k(1796800k free)

vm_info: Java HotSpot(TM) Client VM (20.5-b03) for windows-x86 JRE (1.6.0_30-b12), built on Nov 10 2011 01:51:00 by "java_re" with MS VC++ 7.1 (VS2003)

time: Tue Dec 20 14:49:26 2011
elapsed time: 42 seconds

